2024-04-18T14:50:36.256+02:00  INFO 49491 --- [log_service] [main] i.g.l.LogServiceApplicationTests         : Starting LogServiceApplicationTests using Java 17.0.10 with PID 49491 (started by rcarrierizerodd in /home/rcarrierizerodd/Scrivania/esercizi/logservice/gestione_attivita_log_service/log_service)
2024-04-18T14:50:36.260+02:00  INFO 49491 --- [log_service] [main] i.g.l.LogServiceApplicationTests         : No active profile set, falling back to 1 default profile: "default"
2024-04-18T14:50:36.287+02:00 TRACE 49491 --- [log_service] [main] o.s.w.c.s.GenericWebApplicationContext   : Refreshing org.springframework.web.context.support.GenericWebApplicationContext@5b69fd74, started on Thu Apr 18 14:50:36 CEST 2024
2024-04-18T14:50:37.115+02:00  WARN 49491 --- [log_service] [main] trationDelegate$BeanPostProcessorChecker : Bean 'org.springframework.ws.config.annotation.DelegatingWsConfiguration' of type [org.springframework.ws.config.annotation.DelegatingWsConfiguration$$SpringCGLIB$$0] is not eligible for getting processed by all BeanPostProcessors (for example: not eligible for auto-proxying). The currently created BeanPostProcessor [annotationActionEndpointMapping] is declared through a non-static factory method on that class; consider declaring it as static instead.
2024-04-18T14:50:37.154+02:00  INFO 49491 --- [log_service] [main] .w.s.a.s.AnnotationActionEndpointMapping : Supporting [WS-Addressing August 2004, WS-Addressing 1.0]
2024-04-18T14:50:37.156+02:00 TRACE 49491 --- [log_service] [main] o.s.w.c.s.GenericWebApplicationContext   : No 'messageSource' bean, using [Empty MessageSource]
2024-04-18T14:50:37.157+02:00 TRACE 49491 --- [log_service] [main] o.s.w.c.s.GenericWebApplicationContext   : No 'applicationEventMulticaster' bean, using [SimpleApplicationEventMulticaster]
2024-04-18T14:50:37.730+02:00 TRACE 49491 --- [log_service] [main] s.w.s.m.m.a.RequestMappingHandlerMapping : 
	i.g.l.r.l.LogController:
	{POST [/v1/logs-api/lavora-attivita]}: logLavoraAttivita(AttivitaRequestDto)
	{POST [/v1/logs-api/verifica-attivita]}: logVerificaAttivita(AttivitaRequestDto)
	{POST [/v1/logs-api/insert-attivita], consumes [application/json], produces [application/json]}: logInsertAttivita(AttivitaRequestDto)
	{GET [/v1/logs-api/fetch-attivita/{id}]}: logGetAttivitaById(Long)
	{GET [/v1/logs-api/fetch-attivita/all], produces [application/json]}: logGetAllAttivita()
2024-04-18T14:50:37.737+02:00 TRACE 49491 --- [log_service] [main] s.w.s.m.m.a.RequestMappingHandlerMapping : 
	o.s.b.a.w.s.e.BasicErrorController:
	{ [/error]}: error(HttpServletRequest)
	{ [/error], produces [text/html]}: errorHtml(HttpServletRequest,HttpServletResponse)
2024-04-18T14:50:37.748+02:00 TRACE 49491 --- [log_service] [main] s.w.s.m.m.a.RequestMappingHandlerMapping : 
	o.s.w.a.OpenApiWebMvcResource:
	{GET [/v3/api-docs], produces [application/json]}: openapiJson(HttpServletRequest,String,Locale)
	{GET [/v3/api-docs.yaml], produces [application/vnd.oai.openapi]}: openapiYaml(HttpServletRequest,String,Locale)
2024-04-18T14:50:37.751+02:00 TRACE 49491 --- [log_service] [main] s.w.s.m.m.a.RequestMappingHandlerMapping : 
	o.s.w.u.SwaggerWelcomeWebMvc:
	{GET [/swagger-ui.html]}: redirectToUi(HttpServletRequest)
2024-04-18T14:50:37.752+02:00 TRACE 49491 --- [log_service] [main] s.w.s.m.m.a.RequestMappingHandlerMapping : 
	o.s.w.u.SwaggerConfigResource:
	{GET [/v3/api-docs/swagger-config], produces [application/json]}: openapiJson(HttpServletRequest)
2024-04-18T14:50:37.755+02:00 DEBUG 49491 --- [log_service] [main] s.w.s.m.m.a.RequestMappingHandlerMapping : 11 mappings in 'requestMappingHandlerMapping'
2024-04-18T14:50:37.762+02:00 DEBUG 49491 --- [log_service] [main] o.s.w.s.h.BeanNameUrlHandlerMapping      : Detected 0 mappings in 'beanNameHandlerMapping'
2024-04-18T14:50:37.777+02:00 TRACE 49491 --- [log_service] [main] o.s.w.s.f.support.RouterFunctionMapping  : 0 RouterFunction(s) in 'routerFunctionMapping'
2024-04-18T14:50:37.786+02:00 TRACE 49491 --- [log_service] [main] o.s.w.s.handler.SimpleUrlHandlerMapping  : Mapped [/webjars/**] onto ResourceHttpRequestHandler [classpath [META-INF/resources/webjars/]]
2024-04-18T14:50:37.786+02:00 TRACE 49491 --- [log_service] [main] o.s.w.s.handler.SimpleUrlHandlerMapping  : Mapped [/**] onto ResourceHttpRequestHandler [classpath [META-INF/resources/], classpath [resources/], classpath [static/], classpath [public/], ServletContext [/]]
2024-04-18T14:50:37.787+02:00 TRACE 49491 --- [log_service] [main] o.s.w.s.handler.SimpleUrlHandlerMapping  : Mapped [/swagger-ui*/*swagger-initializer.js] onto ResourceHttpRequestHandler [classpath [META-INF/resources/webjars/]]
2024-04-18T14:50:37.787+02:00 TRACE 49491 --- [log_service] [main] o.s.w.s.handler.SimpleUrlHandlerMapping  : Mapped [/swagger-ui*/**] onto ResourceHttpRequestHandler [classpath [META-INF/resources/webjars/]]
2024-04-18T14:50:37.787+02:00 DEBUG 49491 --- [log_service] [main] o.s.w.s.handler.SimpleUrlHandlerMapping  : Patterns [/webjars/**, /**, /swagger-ui*/*swagger-initializer.js, /swagger-ui*/**] in 'resourceHandlerMapping'
2024-04-18T14:50:37.880+02:00 DEBUG 49491 --- [log_service] [main] s.w.s.m.m.a.RequestMappingHandlerAdapter : ControllerAdvice beans: 0 @ModelAttribute, 0 @InitBinder, 1 RequestBodyAdvice, 1 ResponseBodyAdvice
2024-04-18T14:50:37.905+02:00 DEBUG 49491 --- [log_service] [main] .m.m.a.ExceptionHandlerExceptionResolver : ControllerAdvice beans: 1 @ExceptionHandler, 1 ResponseBodyAdvice
2024-04-18T14:50:37.924+02:00  WARN 49491 --- [log_service] [main] o.s.b.a.m.MustacheAutoConfiguration      : Cannot find template location: classpath:/templates/ (please add some templates, check your Mustache configuration, or set spring.mustache.check-template-location=false)
2024-04-18T14:50:38.244+02:00 TRACE 49491 --- [log_service] [main] o.s.w.c.s.GenericWebApplicationContext   : Using LifecycleProcessor [org.springframework.context.support.DefaultLifecycleProcessor@40f9f60d]
2024-04-18T14:50:38.280+02:00  INFO 49491 --- [log_service] [main] o.a.k.clients.consumer.ConsumerConfig    : ConsumerConfig values: 
	allow.auto.create.topics = true
	auto.commit.interval.ms = 5000
	auto.include.jmx.reporter = true
	auto.offset.reset = latest
	bootstrap.servers = [172.168.1.4:9092]
	check.crcs = true
	client.dns.lookup = use_all_dns_ips
	client.id = consumer-gestione_attivita_kafka-1
	client.rack = 
	connections.max.idle.ms = 540000
	default.api.timeout.ms = 60000
	enable.auto.commit = false
	exclude.internal.topics = true
	fetch.max.bytes = 52428800
	fetch.max.wait.ms = 500
	fetch.min.bytes = 1
	group.id = gestione_attivita_kafka
	group.instance.id = null
	heartbeat.interval.ms = 3000
	interceptor.classes = []
	internal.leave.group.on.close = true
	internal.throw.on.fetch.stable.offset.unsupported = false
	isolation.level = read_uncommitted
	key.deserializer = class io.confluent.kafka.serializers.KafkaAvroDeserializer
	max.partition.fetch.bytes = 1048576
	max.poll.interval.ms = 300000
	max.poll.records = 500
	metadata.max.age.ms = 300000
	metric.reporters = []
	metrics.num.samples = 2
	metrics.recording.level = INFO
	metrics.sample.window.ms = 30000
	partition.assignment.strategy = [class org.apache.kafka.clients.consumer.RangeAssignor, class org.apache.kafka.clients.consumer.CooperativeStickyAssignor]
	receive.buffer.bytes = 65536
	reconnect.backoff.max.ms = 1000
	reconnect.backoff.ms = 50
	request.timeout.ms = 30000
	retry.backoff.ms = 100
	sasl.client.callback.handler.class = null
	sasl.jaas.config = null
	sasl.kerberos.kinit.cmd = /usr/bin/kinit
	sasl.kerberos.min.time.before.relogin = 60000
	sasl.kerberos.service.name = null
	sasl.kerberos.ticket.renew.jitter = 0.05
	sasl.kerberos.ticket.renew.window.factor = 0.8
	sasl.login.callback.handler.class = null
	sasl.login.class = null
	sasl.login.connect.timeout.ms = null
	sasl.login.read.timeout.ms = null
	sasl.login.refresh.buffer.seconds = 300
	sasl.login.refresh.min.period.seconds = 60
	sasl.login.refresh.window.factor = 0.8
	sasl.login.refresh.window.jitter = 0.05
	sasl.login.retry.backoff.max.ms = 10000
	sasl.login.retry.backoff.ms = 100
	sasl.mechanism = GSSAPI
	sasl.oauthbearer.clock.skew.seconds = 30
	sasl.oauthbearer.expected.audience = null
	sasl.oauthbearer.expected.issuer = null
	sasl.oauthbearer.jwks.endpoint.refresh.ms = 3600000
	sasl.oauthbearer.jwks.endpoint.retry.backoff.max.ms = 10000
	sasl.oauthbearer.jwks.endpoint.retry.backoff.ms = 100
	sasl.oauthbearer.jwks.endpoint.url = null
	sasl.oauthbearer.scope.claim.name = scope
	sasl.oauthbearer.sub.claim.name = sub
	sasl.oauthbearer.token.endpoint.url = null
	security.protocol = PLAINTEXT
	security.providers = null
	send.buffer.bytes = 131072
	session.timeout.ms = 45000
	socket.connection.setup.timeout.max.ms = 30000
	socket.connection.setup.timeout.ms = 10000
	ssl.cipher.suites = null
	ssl.enabled.protocols = [TLSv1.2, TLSv1.3]
	ssl.endpoint.identification.algorithm = https
	ssl.engine.factory.class = null
	ssl.key.password = null
	ssl.keymanager.algorithm = SunX509
	ssl.keystore.certificate.chain = null
	ssl.keystore.key = null
	ssl.keystore.location = null
	ssl.keystore.password = null
	ssl.keystore.type = JKS
	ssl.protocol = TLSv1.3
	ssl.provider = null
	ssl.secure.random.implementation = null
	ssl.trustmanager.algorithm = PKIX
	ssl.truststore.certificates = null
	ssl.truststore.location = null
	ssl.truststore.password = null
	ssl.truststore.type = JKS
	value.deserializer = class io.confluent.kafka.serializers.KafkaAvroDeserializer

2024-04-18T14:50:38.378+02:00  INFO 49491 --- [log_service] [main] i.c.k.s.KafkaAvroDeserializerConfig      : KafkaAvroDeserializerConfig values: 
	schema.registry.url = [http://172.168.1.4:8081]
	auto.register.schemas = true
	max.schemas.per.subject = 1000
	specific.avro.reader = false

2024-04-18T14:50:38.383+02:00  INFO 49491 --- [log_service] [main] i.c.k.s.KafkaAvroDeserializerConfig      : KafkaAvroDeserializerConfig values: 
	schema.registry.url = [http://172.168.1.4:8081]
	auto.register.schemas = true
	max.schemas.per.subject = 1000
	specific.avro.reader = false

2024-04-18T14:50:38.440+02:00  INFO 49491 --- [log_service] [main] o.a.kafka.common.utils.AppInfoParser     : Kafka version: 3.6.1
2024-04-18T14:50:38.441+02:00  INFO 49491 --- [log_service] [main] o.a.kafka.common.utils.AppInfoParser     : Kafka commitId: 5e3c2b738d253ff5
2024-04-18T14:50:38.441+02:00  INFO 49491 --- [log_service] [main] o.a.kafka.common.utils.AppInfoParser     : Kafka startTimeMs: 1713444638439
2024-04-18T14:50:38.444+02:00  INFO 49491 --- [log_service] [main] fkaConsumerFactory$ExtendedKafkaConsumer : [Consumer clientId=consumer-gestione_attivita_kafka-1, groupId=gestione_attivita_kafka] Subscribed to topic(s): attivita_topic
2024-04-18T14:50:38.451+02:00  INFO 49491 --- [log_service] [main] o.a.k.clients.consumer.ConsumerConfig    : ConsumerConfig values: 
	allow.auto.create.topics = true
	auto.commit.interval.ms = 5000
	auto.include.jmx.reporter = true
	auto.offset.reset = latest
	bootstrap.servers = [172.168.1.4:9092]
	check.crcs = true
	client.dns.lookup = use_all_dns_ips
	client.id = consumer-gestione_attivita_kafka-2
	client.rack = 
	connections.max.idle.ms = 540000
	default.api.timeout.ms = 60000
	enable.auto.commit = false
	exclude.internal.topics = true
	fetch.max.bytes = 52428800
	fetch.max.wait.ms = 500
	fetch.min.bytes = 1
	group.id = gestione_attivita_kafka
	group.instance.id = null
	heartbeat.interval.ms = 3000
	interceptor.classes = []
	internal.leave.group.on.close = true
	internal.throw.on.fetch.stable.offset.unsupported = false
	isolation.level = read_uncommitted
	key.deserializer = class io.confluent.kafka.serializers.KafkaAvroDeserializer
	max.partition.fetch.bytes = 1048576
	max.poll.interval.ms = 300000
	max.poll.records = 500
	metadata.max.age.ms = 300000
	metric.reporters = []
	metrics.num.samples = 2
	metrics.recording.level = INFO
	metrics.sample.window.ms = 30000
	partition.assignment.strategy = [class org.apache.kafka.clients.consumer.RangeAssignor, class org.apache.kafka.clients.consumer.CooperativeStickyAssignor]
	receive.buffer.bytes = 65536
	reconnect.backoff.max.ms = 1000
	reconnect.backoff.ms = 50
	request.timeout.ms = 30000
	retry.backoff.ms = 100
	sasl.client.callback.handler.class = null
	sasl.jaas.config = null
	sasl.kerberos.kinit.cmd = /usr/bin/kinit
	sasl.kerberos.min.time.before.relogin = 60000
	sasl.kerberos.service.name = null
	sasl.kerberos.ticket.renew.jitter = 0.05
	sasl.kerberos.ticket.renew.window.factor = 0.8
	sasl.login.callback.handler.class = null
	sasl.login.class = null
	sasl.login.connect.timeout.ms = null
	sasl.login.read.timeout.ms = null
	sasl.login.refresh.buffer.seconds = 300
	sasl.login.refresh.min.period.seconds = 60
	sasl.login.refresh.window.factor = 0.8
	sasl.login.refresh.window.jitter = 0.05
	sasl.login.retry.backoff.max.ms = 10000
	sasl.login.retry.backoff.ms = 100
	sasl.mechanism = GSSAPI
	sasl.oauthbearer.clock.skew.seconds = 30
	sasl.oauthbearer.expected.audience = null
	sasl.oauthbearer.expected.issuer = null
	sasl.oauthbearer.jwks.endpoint.refresh.ms = 3600000
	sasl.oauthbearer.jwks.endpoint.retry.backoff.max.ms = 10000
	sasl.oauthbearer.jwks.endpoint.retry.backoff.ms = 100
	sasl.oauthbearer.jwks.endpoint.url = null
	sasl.oauthbearer.scope.claim.name = scope
	sasl.oauthbearer.sub.claim.name = sub
	sasl.oauthbearer.token.endpoint.url = null
	security.protocol = PLAINTEXT
	security.providers = null
	send.buffer.bytes = 131072
	session.timeout.ms = 45000
	socket.connection.setup.timeout.max.ms = 30000
	socket.connection.setup.timeout.ms = 10000
	ssl.cipher.suites = null
	ssl.enabled.protocols = [TLSv1.2, TLSv1.3]
	ssl.endpoint.identification.algorithm = https
	ssl.engine.factory.class = null
	ssl.key.password = null
	ssl.keymanager.algorithm = SunX509
	ssl.keystore.certificate.chain = null
	ssl.keystore.key = null
	ssl.keystore.location = null
	ssl.keystore.password = null
	ssl.keystore.type = JKS
	ssl.protocol = TLSv1.3
	ssl.provider = null
	ssl.secure.random.implementation = null
	ssl.trustmanager.algorithm = PKIX
	ssl.truststore.certificates = null
	ssl.truststore.location = null
	ssl.truststore.password = null
	ssl.truststore.type = JKS
	value.deserializer = class io.confluent.kafka.serializers.KafkaAvroDeserializer

2024-04-18T14:50:38.452+02:00  INFO 49491 --- [log_service] [main] i.c.k.s.KafkaAvroDeserializerConfig      : KafkaAvroDeserializerConfig values: 
	schema.registry.url = [http://172.168.1.4:8081]
	auto.register.schemas = true
	max.schemas.per.subject = 1000
	specific.avro.reader = false

2024-04-18T14:50:38.453+02:00  INFO 49491 --- [log_service] [main] i.c.k.s.KafkaAvroDeserializerConfig      : KafkaAvroDeserializerConfig values: 
	schema.registry.url = [http://172.168.1.4:8081]
	auto.register.schemas = true
	max.schemas.per.subject = 1000
	specific.avro.reader = false

2024-04-18T14:50:38.458+02:00  INFO 49491 --- [log_service] [main] o.a.kafka.common.utils.AppInfoParser     : Kafka version: 3.6.1
2024-04-18T14:50:38.458+02:00  INFO 49491 --- [log_service] [main] o.a.kafka.common.utils.AppInfoParser     : Kafka commitId: 5e3c2b738d253ff5
2024-04-18T14:50:38.458+02:00  INFO 49491 --- [log_service] [main] o.a.kafka.common.utils.AppInfoParser     : Kafka startTimeMs: 1713444638458
2024-04-18T14:50:38.459+02:00  INFO 49491 --- [log_service] [main] fkaConsumerFactory$ExtendedKafkaConsumer : [Consumer clientId=consumer-gestione_attivita_kafka-2, groupId=gestione_attivita_kafka] Subscribed to topic(s): attivita_list_topic
2024-04-18T14:50:38.468+02:00  INFO 49491 --- [log_service] [main] i.g.l.LogServiceApplicationTests         : Started LogServiceApplicationTests in 2.552 seconds (process running for 3.421)
2024-04-18T14:50:39.122+02:00 DEBUG 49491 --- [log_service] [SpringApplicationShutdownHook] o.s.w.c.s.GenericWebApplicationContext   : Closing org.springframework.web.context.support.GenericWebApplicationContext@5b69fd74, started on Thu Apr 18 14:50:36 CEST 2024
2024-04-18T14:50:39.127+02:00  INFO 49491 --- [log_service] [org.springframework.kafka.KafkaListenerEndpointContainer#0-0-C-1] o.a.k.c.c.internals.ConsumerCoordinator  : [Consumer clientId=consumer-gestione_attivita_kafka-1, groupId=gestione_attivita_kafka] Resetting generation and member id due to: consumer pro-actively leaving the group
2024-04-18T14:50:39.127+02:00  INFO 49491 --- [log_service] [org.springframework.kafka.KafkaListenerEndpointContainer#1-0-C-1] o.a.k.c.c.internals.ConsumerCoordinator  : [Consumer clientId=consumer-gestione_attivita_kafka-2, groupId=gestione_attivita_kafka] Resetting generation and member id due to: consumer pro-actively leaving the group
2024-04-18T14:50:39.127+02:00  INFO 49491 --- [log_service] [org.springframework.kafka.KafkaListenerEndpointContainer#0-0-C-1] o.a.k.c.c.internals.ConsumerCoordinator  : [Consumer clientId=consumer-gestione_attivita_kafka-1, groupId=gestione_attivita_kafka] Request joining group due to: consumer pro-actively leaving the group
2024-04-18T14:50:39.127+02:00  INFO 49491 --- [log_service] [org.springframework.kafka.KafkaListenerEndpointContainer#1-0-C-1] o.a.k.c.c.internals.ConsumerCoordinator  : [Consumer clientId=consumer-gestione_attivita_kafka-2, groupId=gestione_attivita_kafka] Request joining group due to: consumer pro-actively leaving the group
2024-04-18T14:50:39.128+02:00  INFO 49491 --- [log_service] [org.springframework.kafka.KafkaListenerEndpointContainer#1-0-C-1] fkaConsumerFactory$ExtendedKafkaConsumer : [Consumer clientId=consumer-gestione_attivita_kafka-2, groupId=gestione_attivita_kafka] Unsubscribed all topics or patterns and assigned partitions
2024-04-18T14:50:39.128+02:00  INFO 49491 --- [log_service] [org.springframework.kafka.KafkaListenerEndpointContainer#0-0-C-1] fkaConsumerFactory$ExtendedKafkaConsumer : [Consumer clientId=consumer-gestione_attivita_kafka-1, groupId=gestione_attivita_kafka] Unsubscribed all topics or patterns and assigned partitions
2024-04-18T14:50:39.129+02:00  INFO 49491 --- [log_service] [org.springframework.kafka.KafkaListenerEndpointContainer#1-0-C-1] o.a.k.c.c.internals.ConsumerCoordinator  : [Consumer clientId=consumer-gestione_attivita_kafka-2, groupId=gestione_attivita_kafka] Resetting generation and member id due to: consumer pro-actively leaving the group
2024-04-18T14:50:39.129+02:00  INFO 49491 --- [log_service] [org.springframework.kafka.KafkaListenerEndpointContainer#0-0-C-1] o.a.k.c.c.internals.ConsumerCoordinator  : [Consumer clientId=consumer-gestione_attivita_kafka-1, groupId=gestione_attivita_kafka] Resetting generation and member id due to: consumer pro-actively leaving the group
2024-04-18T14:50:39.129+02:00  INFO 49491 --- [log_service] [org.springframework.kafka.KafkaListenerEndpointContainer#1-0-C-1] o.a.k.c.c.internals.ConsumerCoordinator  : [Consumer clientId=consumer-gestione_attivita_kafka-2, groupId=gestione_attivita_kafka] Request joining group due to: consumer pro-actively leaving the group
2024-04-18T14:50:39.129+02:00  INFO 49491 --- [log_service] [org.springframework.kafka.KafkaListenerEndpointContainer#0-0-C-1] o.a.k.c.c.internals.ConsumerCoordinator  : [Consumer clientId=consumer-gestione_attivita_kafka-1, groupId=gestione_attivita_kafka] Request joining group due to: consumer pro-actively leaving the group
2024-04-18T14:50:39.131+02:00  INFO 49491 --- [log_service] [org.springframework.kafka.KafkaListenerEndpointContainer#0-0-C-1] o.apache.kafka.common.metrics.Metrics    : Metrics scheduler closed
2024-04-18T14:50:39.130+02:00  INFO 49491 --- [log_service] [org.springframework.kafka.KafkaListenerEndpointContainer#1-0-C-1] o.apache.kafka.common.metrics.Metrics    : Metrics scheduler closed
2024-04-18T14:50:39.131+02:00  INFO 49491 --- [log_service] [org.springframework.kafka.KafkaListenerEndpointContainer#0-0-C-1] o.apache.kafka.common.metrics.Metrics    : Closing reporter org.apache.kafka.common.metrics.JmxReporter
2024-04-18T14:50:39.131+02:00  INFO 49491 --- [log_service] [org.springframework.kafka.KafkaListenerEndpointContainer#1-0-C-1] o.apache.kafka.common.metrics.Metrics    : Closing reporter org.apache.kafka.common.metrics.JmxReporter
2024-04-18T14:50:39.131+02:00  INFO 49491 --- [log_service] [org.springframework.kafka.KafkaListenerEndpointContainer#0-0-C-1] o.apache.kafka.common.metrics.Metrics    : Metrics reporters closed
2024-04-18T14:50:39.131+02:00  INFO 49491 --- [log_service] [org.springframework.kafka.KafkaListenerEndpointContainer#1-0-C-1] o.apache.kafka.common.metrics.Metrics    : Metrics reporters closed
2024-04-18T14:50:39.135+02:00  INFO 49491 --- [log_service] [org.springframework.kafka.KafkaListenerEndpointContainer#1-0-C-1] o.a.kafka.common.utils.AppInfoParser     : App info kafka.consumer for consumer-gestione_attivita_kafka-2 unregistered
2024-04-18T14:50:39.135+02:00  INFO 49491 --- [log_service] [org.springframework.kafka.KafkaListenerEndpointContainer#0-0-C-1] o.a.kafka.common.utils.AppInfoParser     : App info kafka.consumer for consumer-gestione_attivita_kafka-1 unregistered
2024-04-18T14:50:39.135+02:00  INFO 49491 --- [log_service] [org.springframework.kafka.KafkaListenerEndpointContainer#0-0-C-1] o.s.k.l.KafkaMessageListenerContainer    : gestione_attivita_kafka: Consumer stopped
2024-04-18T14:50:39.135+02:00  INFO 49491 --- [log_service] [org.springframework.kafka.KafkaListenerEndpointContainer#1-0-C-1] o.s.k.l.KafkaMessageListenerContainer    : gestione_attivita_kafka: Consumer stopped
